<?xml version="1.0" encoding="UTF-8"?>
<testng-results skipped="0" failed="0" total="1" passed="1">
  <reporter-output>
  </reporter-output>
  <suite name="Command line suite" duration-ms="6" started-at="2018-06-19T12:01:43Z" finished-at="2018-06-19T12:01:43Z">
    <groups>
    </groups>
    <test name="Command line test" duration-ms="6" started-at="2018-06-19T12:01:43Z" finished-at="2018-06-19T12:01:43Z">
      <class name="Demo.Framework.AppTest">
        <test-method status="PASS" signature="testApp()[pri:0, instance:testApp(Demo.Framework.AppTest)]" name="testApp" duration-ms="1" started-at="2018-06-19T17:31:43Z" finished-at="2018-06-19T17:31:43Z">
          <reporter-output>
          </reporter-output>
        </test-method> <!-- testApp -->
      </class> <!-- Demo.Framework.AppTest -->
    </test> <!-- Command line test -->
  </suite> <!-- Command line suite -->
</testng-results>
