<?xml version="1.0" encoding="UTF-8"?>
<testng-results skipped="0" failed="0" total="2" passed="2">
  <reporter-output>
  </reporter-output>
  <suite name="Command line suite" duration-ms="30699" started-at="2018-06-20T07:37:37Z" finished-at="2018-06-20T07:38:08Z">
    <groups>
    </groups>
    <test name="Command line test" duration-ms="30699" started-at="2018-06-20T07:37:37Z" finished-at="2018-06-20T07:38:08Z">
      <class name="demoSel.TestCase">
        <test-method status="PASS" signature="launchApplication()[pri:0, instance:demoSel.TestCase@380fb434]" name="launchApplication" is-config="true" duration-ms="17718" started-at="2018-06-20T13:07:37Z" finished-at="2018-06-20T13:07:55Z">
          <reporter-output>
          </reporter-output>
        </test-method> <!-- launchApplication -->
        <test-method status="PASS" signature="userRegistration()[pri:0, instance:demoSel.TestCase@380fb434]" name="userRegistration" duration-ms="5850" started-at="2018-06-20T13:07:55Z" finished-at="2018-06-20T13:08:01Z">
          <reporter-output>
          </reporter-output>
        </test-method> <!-- userRegistration -->
        <test-method status="PASS" signature="closeApplication()[pri:0, instance:demoSel.TestCase@380fb434]" name="closeApplication" is-config="true" duration-ms="7100" started-at="2018-06-20T13:08:01Z" finished-at="2018-06-20T13:08:08Z">
          <reporter-output>
          </reporter-output>
        </test-method> <!-- closeApplication -->
      </class> <!-- demoSel.TestCase -->
      <class name="Demo.Framework.AppTest">
        <test-method status="PASS" signature="testApp()[pri:0, instance:Demo.Framework.AppTest@21bcffb5]" name="testApp" duration-ms="12" started-at="2018-06-20T13:07:37Z" finished-at="2018-06-20T13:07:37Z">
          <reporter-output>
          </reporter-output>
        </test-method> <!-- testApp -->
      </class> <!-- Demo.Framework.AppTest -->
    </test> <!-- Command line test -->
  </suite> <!-- Command line suite -->
</testng-results>
