<?xml version="1.0" encoding="UTF-8"?>
<testng-results skipped="0" failed="0" total="1" passed="1">
  <reporter-output>
  </reporter-output>
  <suite name="Default suite" duration-ms="15931" started-at="2018-06-19T14:21:20Z" finished-at="2018-06-19T14:21:36Z">
    <groups>
    </groups>
    <test name="Default test" duration-ms="15931" started-at="2018-06-19T14:21:20Z" finished-at="2018-06-19T14:21:36Z">
      <class name="demoSel.TestCase">
        <test-method status="PASS" signature="launchApplication()[pri:0, instance:demoSel.TestCase@482f8f11]" name="launchApplication" is-config="true" duration-ms="13568" started-at="2018-06-19T19:51:20Z" finished-at="2018-06-19T19:51:34Z">
          <reporter-output>
          </reporter-output>
        </test-method> <!-- launchApplication -->
        <test-method status="PASS" signature="executeMethod()[pri:0, instance:demoSel.TestCase@482f8f11]" name="executeMethod" duration-ms="9" started-at="2018-06-19T19:51:34Z" finished-at="2018-06-19T19:51:34Z">
          <reporter-output>
          </reporter-output>
        </test-method> <!-- executeMethod -->
        <test-method status="PASS" signature="closeApplication()[pri:0, instance:demoSel.TestCase@482f8f11]" name="closeApplication" is-config="true" duration-ms="2341" started-at="2018-06-19T19:51:34Z" finished-at="2018-06-19T19:51:36Z">
          <reporter-output>
          </reporter-output>
        </test-method> <!-- closeApplication -->
      </class> <!-- demoSel.TestCase -->
    </test> <!-- Default test -->
  </suite> <!-- Default suite -->
</testng-results>
